Gianni@GBQQ MINGW64 /d/works/nanodegree/exoplanet/exoplanet-explorer (xhr-start)
$ npm install
npm WARN deprecated gulp-util@3.0.8: gulp-util is deprecated - replace it, following the guidelines at https://medium.com/gulpjs/gulp-util-ca3b1f9f9ac5
npm WARN deprecated gulp-util@2.2.20: gulp-util is deprecated - replace it, following the guidelines at https://medium.com/gulpjs/gulp-util-ca3b1f9f9ac5npm WARN deprecated graceful-fs@2.0.3: please upgrade to graceful-fs 4 for compatibility with current and future versions of Node.js
npm WARN deprecated minimatch@2.0.10: Please update to minimatch 3.0.2 or higher to avoid a RegExp DoS issue
npm WARN deprecated nomnom@1.8.1: Package no longer supported. Contact support@npmjs.com for more info.
npm WARN deprecated minimatch@1.0.0: Please update to minimatch 3.0.2 or higher to avoid a RegExp DoS issue
npm WARN deprecated graceful-fs@3.0.11: please upgrade to graceful-fs 4 for compatibility with current and future versions of Node.js
npm WARN deprecated node-uuid@1.4.8: Use uuid module instead
npm WARN deprecated natives@1.1.3: This module relies on Node.js's internals and will break at some point. Do not use it, and update to graceful-fs@4.x.
npm WARN deprecated minimatch@0.2.14: Please update to minimatch 3.0.2 or higher to avoid a RegExp DoS issuenpm WARN deprecated graceful-fs@1.2.3: please upgrade to graceful-fs 4 for compatibility with current and future versions of Node.js

> dtrace-provider@0.8.6 install D:\works\nanodegree\exoplanet\exoplanet-explorer\node_modules\dtrace-provider
> node-gyp rebuild || node suppress-error.js


D:\works\nanodegree\exoplanet\exoplanet-explorer\node_modules\dtrace-provider>if not defined npm_config_node_gyp (node "C:\Program Files\nodejs\node_modules\npm\node_modules\npm-lifecycle\node-gyp-bin\\..\..\node_modules\node-gyp\bin\node-gyp.js" rebuild )  else (node "C:\Program Files\nodejs\node_modules\npm\node_modules\node-gyp\bin\node-gyp.js" rebuild )
gyp ERR! configure error
gyp ERR! stack Error: Can't find Python executable "python", you can set the PYTHON env variable.
gyp ERR! stack     at PythonFinder.failNoPython (C:\Program Files\nodejs\node_modules\npm\node_modules\node-gyp\lib\configure.js:483:19)
gyp ERR! stack     at PythonFinder.<anonymous> (C:\Program Files\nodejs\node_modules\npm\node_modules\node-gyp\lib\configure.js:508:16)
gyp ERR! stack     at C:\Program Files\nodejs\node_modules\npm\node_modules\graceful-fs\polyfills.js:284:29
gyp ERR! stack     at FSReqWrap.oncomplete (fs.js:152:21)
gyp ERR! System Windows_NT 10.0.16299
gyp ERR! command "C:\\Program Files\\nodejs\\node.exe" "C:\\Program Files\\nodejs\\node_modules\\npm\\node_modules\\node-gyp\\bin\\node-gyp.js" "rebuild"gyp ERR! cwd D:\works\nanodegree\exoplanet\exoplanet-explorer\node_modules\dtrace-provider
gyp ERR! node -v v8.10.0
gyp ERR! node-gyp -v v3.6.2
gyp ERR! not ok

> uws@9.14.0 install D:\works\nanodegree\exoplanet\exoplanet-explorer\node_modules\uws
> node-gyp rebuild > build_log.txt 2>&1 || exit 0


> sauce-connect-launcher@1.2.4 postinstall D:\works\nanodegree\exoplanet\exoplanet-explorer\node_modules\sauce-connect-launcher
> node scripts/install.js || nodejs scripts/install.js


> wct-sauce@1.8.6 postinstall D:\works\nanodegree\exoplanet\exoplanet-explorer\node_modules\wct-sauce
> node scripts/postinstall.js

Prefetching the Sauce Connect binary.
Missing Sauce Connect local proxy, downloading dependency
This will only happen once.
Downloading 6.48MB
Archive checksum verified.
Unzipping D:\works\nanodegree\exoplanet\exoplanet-explorer\node_modules\sauce-connect-launcher\sc\sc-4.4.12-win32.zip
Removing D:\works\nanodegree\exoplanet\exoplanet-explorer\node_modules\sauce-connect-launcher\sc\sc-4.4.12-win32.zip
Sauce Connect downloaded correctly

> wct-local@1.7.1 postinstall D:\works\nanodegree\exoplanet\exoplanet-explorer\node_modules\wct-local
> node scripts/postinstall.js

----------
selenium-standalone installation starting
----------

---
selenium install:
from: http://selenium-release.storage.googleapis.com/2.47/selenium-server-standalone-2.47.1.jar
to: D:\works\nanodegree\exoplanet\exoplanet-explorer\node_modules\selenium-standalone\.selenium\selenium-server\2.47.1-server.jar
---
chrome install:
from: http://chromedriver.storage.googleapis.com/2.18/chromedriver_win32.zip
to: D:\works\nanodegree\exoplanet\exoplanet-explorer\node_modules\selenium-standalone\.selenium\chromedriver\2.18-x64-chromedriver
---
ie install:
from: http://selenium-release.storage.googleapis.com/2.47/IEDriverServer_x64_2.47.0.zip
to: D:\works\nanodegree\exoplanet\exoplanet-explorer\node_modules\selenium-standalone\.selenium\iedriver\2.47.0-x64-IEDriverServer.exe


-----
selenium-standalone installation finished
-----

> gifsicle@3.0.4 postinstall D:\works\nanodegree\exoplanet\exoplanet-explorer\node_modules\gifsicle
> node lib/install.js

  √ gifsicle pre-build test passed successfully

> jpegtran-bin@3.2.0 postinstall D:\works\nanodegree\exoplanet\exoplanet-explorer\node_modules\jpegtran-bin
> node lib/install.js

  √ jpegtran pre-build test passed successfully

> optipng-bin@3.1.4 postinstall D:\works\nanodegree\exoplanet\exoplanet-explorer\node_modules\optipng-bin
> node lib/install.js

  √ optipng pre-build test passed successfully

> web-component-tester@3.4.2 postinstall D:\works\nanodegree\exoplanet\exoplanet-explorer\node_modules\web-component-tester
> node scripts/postinstall.js

Fetching bower dependencies for the WCT client to D:\works\nanodegree\exoplanet\exoplanet-explorer\node_modules\web-component-tester\bower_components
Fetched bower packages: test-fixture, accessibility-developer-tools, sinon-chai, stacky, chai, sinonjs, async, mocha, lodash
npm notice created a lockfile as package-lock.json. You should commit this file.
npm WARN optional SKIPPING OPTIONAL DEPENDENCY: fsevents@1.2.2 (node_modules\fsevents):
npm WARN notsup SKIPPING OPTIONAL DEPENDENCY: Unsupported platform for fsevents@1.2.2: wanted {"os":"darwin","arch":"any"} (current: {"os":"win32","arch":"x64"})

added 1400 packages in 377.324s

Gianni@GBQQ MINGW64 /d/works/nanodegree/exoplanet/exoplanet-explorer (xhr-start)
$